2025-04-18 00:41:44,012 - spotify_app - INFO - Starting application in development mode
2025-04-18 00:41:44,380 - spotify_app - INFO - Starting server on 0.0.0.0:5000 (debug=True)
2025-04-18 00:41:46,014 - spotify_app - INFO - Starting application in development mode
2025-04-18 00:41:46,394 - spotify_app - INFO - Starting server on 0.0.0.0:5000 (debug=True)
2025-04-18 00:42:25,273 - spotify_app - INFO - Starting application in development mode
2025-04-18 00:42:25,638 - spotify_app - INFO - Starting server on 0.0.0.0:5000 (debug=True)
2025-04-18 00:42:27,489 - spotify_app - INFO - Starting application in development mode
2025-04-18 00:42:27,754 - spotify_app - INFO - Starting server on 0.0.0.0:5000 (debug=True)
2025-04-18 00:49:24,080 - spotify_app - INFO - Starting application in development mode
2025-04-18 00:49:24,390 - spotify_app - INFO - Starting server on 0.0.0.0:5000 (debug=True)
2025-04-18 00:49:26,007 - spotify_app - INFO - Starting application in development mode
2025-04-18 00:49:26,303 - spotify_app - INFO - Starting server on 0.0.0.0:5000 (debug=True)
2025-04-18 00:51:13,796 - spotify_app - INFO - Starting application in development mode
2025-04-18 00:51:14,319 - spotify_app - INFO - Starting server on 0.0.0.0:5000 (debug=True)
2025-04-18 00:51:16,009 - spotify_app - INFO - Starting application in development mode
2025-04-18 00:51:16,373 - spotify_app - INFO - Starting server on 0.0.0.0:5000 (debug=True)
2025-04-18 00:55:45,285 - spotify_app - INFO - Starting application in development mode
2025-04-18 00:55:45,573 - spotify_app - INFO - Starting server on 0.0.0.0:5000 (debug=True)
2025-04-18 00:55:47,167 - spotify_app - INFO - Starting application in development mode
2025-04-18 00:55:47,492 - spotify_app - INFO - Starting server on 0.0.0.0:5000 (debug=True)
2025-04-18 00:56:39,756 - spotify_app - INFO - Starting application in development mode
2025-04-18 00:56:40,028 - spotify_app - INFO - Starting server on 0.0.0.0:5000 (debug=True)
2025-04-18 00:57:01,587 - spotify_app - INFO - Starting application in development mode
2025-04-18 00:57:01,845 - spotify_app - INFO - Starting server on 0.0.0.0:5000 (debug=True)
2025-04-18 00:57:14,113 - spotify_app - INFO - Starting application in development mode
2025-04-18 00:57:14,465 - spotify_app - INFO - Starting server on 0.0.0.0:5000 (debug=True)
2025-04-18 00:57:27,331 - spotify_app - INFO - Starting application in development mode
2025-04-18 00:57:27,646 - spotify_app - INFO - Starting server on 0.0.0.0:5000 (debug=True)
2025-04-18 00:57:29,283 - spotify_app - INFO - Starting application in development mode
2025-04-18 00:57:29,585 - spotify_app - INFO - Starting server on 0.0.0.0:5000 (debug=True)
2025-04-18 00:57:51,665 - spotify_app - INFO - GET / 200 - 205ms
2025-04-18 00:57:51,691 - spotify_app - WARNING - 404 Not Found: /static/Energetic_(mood)\677a71b1-8e22-4ad3-b74b-784ed25e6564_fa521a02-60cf-46d6-b990-44b8fa94e4a2_cover.jpg
2025-04-18 00:57:51,692 - spotify_app - WARNING - 404 Not Found: /static/Happy_(mood)\fa521a02-60cf-46d6-b990-44b8fa94e4a2_cover.jpg
2025-04-18 00:57:51,879 - spotify_app - WARNING - 404 Not Found: /static/img/favicon.ico
2025-04-18 00:57:54,396 - spotify_app - INFO - GET /signup 200 - 2ms
2025-04-18 00:57:54,421 - spotify_app - WARNING - 404 Not Found: /favicon.ico
2025-04-18 00:57:54,422 - spotify_app - INFO - GET /favicon.ico 404 - 1ms
2025-04-18 00:57:57,409 - spotify_app - INFO - GET /login 200 - 3ms
2025-04-18 00:58:07,872 - spotify_app - INFO - POST /login 401 - 8ms
2025-04-18 00:59:41,351 - spotify_app - INFO - Starting application in development mode
2025-04-18 00:59:41,629 - spotify_app - INFO - Starting server on 0.0.0.0:5000 (debug=True)
2025-04-18 00:59:41,716 - spotify_app - INFO - Starting application in development mode
2025-04-18 00:59:42,107 - spotify_app - INFO - Starting server on 0.0.0.0:5000 (debug=True)
2025-04-18 01:00:01,942 - spotify_app - INFO - Starting application in development mode
2025-04-18 01:00:02,158 - spotify_app - INFO - Starting application in development mode
2025-04-18 01:00:02,456 - spotify_app - INFO - Starting server on 0.0.0.0:5000 (debug=True)
2025-04-18 01:00:02,499 - spotify_app - INFO - Starting server on 0.0.0.0:5000 (debug=True)
2025-04-18 01:00:22,352 - spotify_app - INFO - Starting application in development mode
2025-04-18 01:00:22,389 - spotify_app - INFO - Starting application in development mode
2025-04-18 01:00:22,681 - spotify_app - INFO - Starting server on 0.0.0.0:5000 (debug=True)
2025-04-18 01:00:22,688 - spotify_app - INFO - Starting server on 0.0.0.0:5000 (debug=True)
2025-04-18 01:00:40,175 - spotify_app - INFO - Starting application in development mode
2025-04-18 01:00:40,438 - spotify_app - INFO - Starting server on 0.0.0.0:5000 (environment: development, debug: True)
2025-04-18 01:00:42,203 - spotify_app - INFO - Starting application in development mode
2025-04-18 01:00:42,506 - spotify_app - INFO - Starting server on 0.0.0.0:5000 (environment: development, debug: True)
2025-04-18 01:01:06,038 - spotify_app - INFO - Starting application in development mode
2025-04-18 01:01:06,092 - spotify_app - INFO - Starting application in development mode
2025-04-18 01:01:06,258 - spotify_app - INFO - Starting application in development mode
2025-04-18 01:01:06,353 - spotify_app - INFO - Starting server on 0.0.0.0:5000 (environment: development, debug: True)
2025-04-18 01:01:06,429 - spotify_app - INFO - Starting server on 0.0.0.0:5000 (environment: development, debug: True)
2025-04-18 01:01:06,575 - spotify_app - INFO - Starting server on 0.0.0.0:5000 (environment: development, debug: True)
2025-04-18 01:01:20,424 - spotify_app - INFO - GET /login 200 - 8ms
2025-04-18 01:01:31,836 - spotify_app - INFO - POST /login 401 - 5ms
2025-04-18 01:03:08,859 - spotify_app - INFO - Starting application in development mode
2025-04-18 01:03:09,377 - spotify_app - INFO - Starting server on 0.0.0.0:5000 (environment: development, debug: True)
2025-04-18 01:03:12,407 - spotify_app - INFO - Starting application in development mode
2025-04-18 01:03:12,703 - spotify_app - INFO - Starting server on 0.0.0.0:5000 (environment: development, debug: True)
2025-04-18 01:03:58,033 - spotify_app - INFO - Starting application in development mode
2025-04-18 01:06:14,616 - spotify_app - INFO - Starting application in development mode
2025-04-18 01:07:49,434 - spotify_app - INFO - Starting application in development mode
2025-04-18 01:07:51,208 - spotify_app - INFO - Starting application in development mode
2025-04-18 01:08:18,707 - spotify_app - INFO - Starting application in development mode
2025-04-18 01:08:20,536 - spotify_app - INFO - Starting application in development mode
2025-04-18 01:08:35,961 - spotify_app - INFO - GET / 200 - 345ms
2025-04-18 01:08:36,038 - spotify_app - WARNING - 404 Not Found: /static/Energetic_(mood)\677a71b1-8e22-4ad3-b74b-784ed25e6564_fa521a02-60cf-46d6-b990-44b8fa94e4a2_cover.jpg
2025-04-18 01:08:36,358 - spotify_app - WARNING - 404 Not Found: /static/Happy_(mood)\fa521a02-60cf-46d6-b990-44b8fa94e4a2_cover.jpg
2025-04-18 01:08:37,132 - spotify_app - WARNING - 404 Not Found: /static/img/favicon.ico
2025-04-18 01:08:38,792 - spotify_app - INFO - GET /signup 200 - 3ms
2025-04-18 01:08:39,096 - spotify_app - WARNING - 404 Not Found: /favicon.ico
2025-04-18 01:08:39,097 - spotify_app - INFO - GET /favicon.ico 404 - 1ms
2025-04-18 01:08:41,889 - spotify_app - INFO - GET /login 200 - 2ms
2025-04-18 01:09:04,914 - spotify_app - INFO - POST /login 401 - 163ms
2025-04-18 01:11:44,916 - spotify_app - INFO - Starting application in development mode
2025-04-18 01:11:59,808 - spotify_app - INFO - Starting application in development mode
2025-04-18 01:13:56,169 - spotify_app - INFO - Starting application in development mode
2025-04-18 01:14:46,632 - spotify_app - INFO - Starting application in development mode
2025-04-18 01:15:05,923 - spotify_app - INFO - Starting application in development mode
2025-04-18 01:15:07,777 - spotify_app - INFO - Starting application in development mode
2025-04-18 10:07:09 [INFO] GET /login 200 - 5ms
2025-04-18 10:07:23 [INFO] GET /signup 200 - 4ms
2025-04-18 10:07:59 [INFO] POST /signup 200 - 230ms
2025-04-18 10:08:00 [INFO] GET /login 302 - 0ms
2025-04-18 10:08:00 [INFO] GET / 200 - 270ms
2025-04-18 10:08:00 [WARNING] 404 Not Found: /static/Happy_(mood)\fa521a02-60cf-46d6-b990-44b8fa94e4a2_cover.jpg
2025-04-18 10:08:00 [WARNING] 404 Not Found: /static/Energetic_(mood)\677a71b1-8e22-4ad3-b74b-784ed25e6564_fa521a02-60cf-46d6-b990-44b8fa94e4a2_cover.jpg
2025-04-18 10:08:05 [WARNING] 404 Not Found: /songs/play/
2025-04-18 10:08:05 [INFO] GET /songs/play/ 404 - 7ms
2025-04-18 10:08:05 [WARNING] 404 Not Found: /songs/play/
2025-04-18 10:08:05 [INFO] GET /songs/play/ 404 - 7ms
2025-04-18 10:08:07 [WARNING] 404 Not Found: /songs/play/
2025-04-18 10:08:07 [INFO] GET /songs/play/ 404 - 6ms
2025-04-18 10:08:07 [WARNING] 404 Not Found: /songs/play/
2025-04-18 10:08:07 [INFO] GET /songs/play/ 404 - 6ms
2025-04-18 10:08:12 [WARNING] 404 Not Found: /songs/play/
2025-04-18 10:08:12 [INFO] GET /songs/play/ 404 - 6ms
2025-04-18 10:08:13 [WARNING] 404 Not Found: /songs/play/
2025-04-18 10:08:13 [INFO] GET /songs/play/ 404 - 8ms
2025-04-18 10:08:15 [WARNING] 404 Not Found: /songs/play/
2025-04-18 10:08:15 [INFO] GET /songs/play/ 404 - 8ms
2025-04-18 10:08:15 [WARNING] 404 Not Found: /songs/play/
2025-04-18 10:08:15 [INFO] GET /songs/play/ 404 - 8ms
2025-04-18 10:08:18 [WARNING] 404 Not Found: /songs/play/
2025-04-18 10:08:18 [INFO] GET /songs/play/ 404 - 12ms
2025-04-18 10:08:18 [WARNING] 404 Not Found: /songs/play/
2025-04-18 10:08:18 [INFO] GET /songs/play/ 404 - 7ms
2025-04-18 10:08:19 [WARNING] 404 Not Found: /songs/play/
2025-04-18 10:08:19 [INFO] GET /songs/play/ 404 - 9ms
2025-04-18 10:08:19 [WARNING] 404 Not Found: /songs/play/
2025-04-18 10:08:19 [INFO] GET /songs/play/ 404 - 7ms
2025-04-18 10:08:19 [WARNING] 404 Not Found: /songs/play/
2025-04-18 10:08:19 [INFO] GET /songs/play/ 404 - 7ms
2025-04-18 10:08:19 [WARNING] 404 Not Found: /songs/play/
2025-04-18 10:08:19 [INFO] GET /songs/play/ 404 - 7ms
2025-04-18 10:08:40 [WARNING] 404 Not Found: /songs/play/
2025-04-18 10:08:40 [INFO] GET /songs/play/ 404 - 6ms
2025-04-18 10:08:41 [WARNING] 404 Not Found: /songs/play/
2025-04-18 10:08:41 [INFO] GET /songs/play/ 404 - 6ms
2025-04-18 10:09:42 [INFO] GET / 200 - 322ms
2025-04-18 10:09:42 [WARNING] 404 Not Found: /static/img/favicon.ico
2025-04-18 10:10:03 [INFO] GET / 200 - 102ms
2025-04-18 10:10:03 [WARNING] 404 Not Found: /static/Energetic_(mood)\677a71b1-8e22-4ad3-b74b-784ed25e6564_fa521a02-60cf-46d6-b990-44b8fa94e4a2_cover.jpg
2025-04-18 10:10:03 [WARNING] 404 Not Found: /static/Happy_(mood)\fa521a02-60cf-46d6-b990-44b8fa94e4a2_cover.jpg
2025-04-18 10:10:19 [INFO] GET / 200 - 218ms
2025-04-18 10:10:19 [WARNING] 404 Not Found: /static/Energetic_(mood)\677a71b1-8e22-4ad3-b74b-784ed25e6564_fa521a02-60cf-46d6-b990-44b8fa94e4a2_cover.jpg
2025-04-18 10:10:19 [WARNING] 404 Not Found: /static/Happy_(mood)\fa521a02-60cf-46d6-b990-44b8fa94e4a2_cover.jpg
2025-04-18 10:12:51 [INFO] GET / 200 - 213ms
2025-04-18 10:12:52 [WARNING] 404 Not Found: /static/Happy_(mood)\fa521a02-60cf-46d6-b990-44b8fa94e4a2_cover.jpg
2025-04-18 10:12:52 [WARNING] 404 Not Found: /static/Energetic_(mood)\677a71b1-8e22-4ad3-b74b-784ed25e6564_fa521a02-60cf-46d6-b990-44b8fa94e4a2_cover.jpg
2025-04-18 10:12:52 [WARNING] 404 Not Found: /static/img/favicon.ico
2025-04-18 10:12:59 [INFO] GET /login 200 - 2ms
2025-04-18 10:12:59 [WARNING] 404 Not Found: /favicon.ico
2025-04-18 10:12:59 [INFO] GET /favicon.ico 404 - 0ms
2025-04-18 10:13:02 [INFO] GET /signup 200 - 2ms
2025-04-18 10:14:00 [INFO] POST /signup 200 - 235ms
2025-04-18 10:14:00 [INFO] GET /login 302 - 0ms
2025-04-18 10:14:00 [INFO] GET / 200 - 184ms
2025-04-18 10:14:00 [WARNING] 404 Not Found: /static/Energetic_(mood)\677a71b1-8e22-4ad3-b74b-784ed25e6564_fa521a02-60cf-46d6-b990-44b8fa94e4a2_cover.jpg
2025-04-18 10:14:00 [WARNING] 404 Not Found: /static/Happy_(mood)\fa521a02-60cf-46d6-b990-44b8fa94e4a2_cover.jpg
2025-04-18 10:14:37 [INFO] GET / 200 - 102ms
2025-04-18 10:14:38 [WARNING] 404 Not Found: /static/Happy_(mood)\fa521a02-60cf-46d6-b990-44b8fa94e4a2_cover.jpg
2025-04-18 10:14:38 [WARNING] 404 Not Found: /static/Energetic_(mood)\677a71b1-8e22-4ad3-b74b-784ed25e6564_fa521a02-60cf-46d6-b990-44b8fa94e4a2_cover.jpg
2025-04-18 10:14:49 [ERROR] Search error: type object 'Song' has no attribute 'collection'
2025-04-18 10:14:49 [INFO] GET /search 200 - 31ms
2025-04-18 10:14:54 [INFO] GET /songs/mood/Happy 200 - 13ms
2025-04-18 10:14:54 [INFO] GET /songs/mood/Happy 200 - 11ms
2025-04-18 10:14:59 [ERROR] Search error: type object 'Song' has no attribute 'collection'
2025-04-18 10:14:59 [INFO] GET /search 200 - 14ms
2025-04-18 10:15:01 [INFO] GET /songs/mood/Funky 200 - 16ms
2025-04-18 10:15:02 [INFO] GET /songs/mood/Love 200 - 10ms
2025-04-18 10:15:03 [INFO] GET /songs/mood/Uplifting 200 - 11ms
2025-04-18 10:15:06 [INFO] GET /songs/mood/Love 200 - 30ms
2025-04-18 10:16:43 [WARNING] 404 Not Found: /songs/play/
2025-04-18 10:16:43 [INFO] GET /songs/play/ 404 - 6ms
2025-04-18 10:16:43 [WARNING] 404 Not Found: /songs/play/
2025-04-18 10:16:43 [INFO] GET /songs/play/ 404 - 9ms
2025-04-18 10:16:44 [WARNING] 404 Not Found: /songs/play/
2025-04-18 10:16:44 [INFO] GET /songs/play/ 404 - 7ms
2025-04-18 10:16:44 [WARNING] 404 Not Found: /songs/play/
2025-04-18 10:16:44 [INFO] GET /songs/play/ 404 - 6ms
2025-04-18 10:16:44 [WARNING] 404 Not Found: /songs/play/
2025-04-18 10:16:44 [INFO] GET /songs/play/ 404 - 11ms
2025-04-18 10:16:45 [WARNING] 404 Not Found: /songs/play/
2025-04-18 10:16:45 [INFO] GET /songs/play/ 404 - 7ms
2025-04-18 10:16:45 [WARNING] 404 Not Found: /songs/play/
2025-04-18 10:16:45 [INFO] GET /songs/play/ 404 - 6ms
2025-04-18 10:16:45 [WARNING] 404 Not Found: /songs/play/
2025-04-18 10:16:45 [INFO] GET /songs/play/ 404 - 32ms
2025-04-18 10:16:45 [WARNING] 404 Not Found: /songs/play/
2025-04-18 10:16:45 [INFO] GET /songs/play/ 404 - 7ms
2025-04-18 10:16:45 [WARNING] 404 Not Found: /songs/play/
2025-04-18 10:16:45 [INFO] GET /songs/play/ 404 - 7ms
2025-04-18 10:16:47 [WARNING] 404 Not Found: /songs/play/
2025-04-18 10:16:47 [INFO] GET /songs/play/ 404 - 7ms
2025-04-18 10:16:47 [WARNING] 404 Not Found: /songs/play/
2025-04-18 10:16:47 [INFO] GET /songs/play/ 404 - 7ms
2025-04-18 10:16:47 [WARNING] 404 Not Found: /songs/play/
2025-04-18 10:16:47 [INFO] GET /songs/play/ 404 - 6ms
2025-04-18 10:16:47 [WARNING] 404 Not Found: /songs/play/
2025-04-18 10:16:47 [INFO] GET /songs/play/ 404 - 6ms
2025-04-18 10:16:48 [WARNING] 404 Not Found: /songs/play/
2025-04-18 10:16:48 [INFO] GET /songs/play/ 404 - 8ms
2025-04-18 10:16:48 [WARNING] 404 Not Found: /songs/play/
2025-04-18 10:16:48 [INFO] GET /songs/play/ 404 - 6ms
2025-04-18 10:16:49 [INFO] GET / 200 - 107ms
2025-04-18 10:16:50 [WARNING] 404 Not Found: /static/Energetic_(mood)\677a71b1-8e22-4ad3-b74b-784ed25e6564_fa521a02-60cf-46d6-b990-44b8fa94e4a2_cover.jpg
2025-04-18 10:16:50 [WARNING] 404 Not Found: /static/Happy_(mood)\fa521a02-60cf-46d6-b990-44b8fa94e4a2_cover.jpg
2025-04-18 10:16:54 [WARNING] 404 Not Found: /songs/play/
2025-04-18 10:16:54 [INFO] GET /songs/play/ 404 - 8ms
2025-04-18 10:16:54 [WARNING] 404 Not Found: /songs/play/
2025-04-18 10:16:54 [INFO] GET /songs/play/ 404 - 6ms
2025-04-18 10:16:54 [WARNING] 404 Not Found: /songs/play/
2025-04-18 10:16:54 [INFO] GET /songs/play/ 404 - 8ms
2025-04-18 10:16:56 [WARNING] 404 Not Found: /songs/play/
2025-04-18 10:16:56 [INFO] GET /songs/play/ 404 - 10ms
2025-04-18 10:16:56 [WARNING] 404 Not Found: /songs/play/
2025-04-18 10:16:56 [INFO] GET /songs/play/ 404 - 6ms
2025-04-18 10:19:22 [INFO] GET / 200 - 619ms
2025-04-18 10:19:22 [WARNING] 404 Not Found: /static/Energetic_(mood)\677a71b1-8e22-4ad3-b74b-784ed25e6564_fa521a02-60cf-46d6-b990-44b8fa94e4a2_cover.jpg
2025-04-18 10:19:23 [WARNING] 404 Not Found: /static/Happy_(mood)\fa521a02-60cf-46d6-b990-44b8fa94e4a2_cover.jpg
2025-04-18 10:19:25 [WARNING] 404 Not Found: /songs/play/
2025-04-18 10:19:25 [INFO] GET /songs/play/ 404 - 8ms
2025-04-18 10:19:25 [WARNING] 404 Not Found: /songs/play/
2025-04-18 10:19:25 [INFO] GET /songs/play/ 404 - 8ms
2025-04-18 10:20:49 [INFO] GET / 200 - 336ms
2025-04-18 10:20:49 [WARNING] 404 Not Found: /static/Happy_(mood)\fa521a02-60cf-46d6-b990-44b8fa94e4a2_cover.jpg
2025-04-18 10:20:49 [WARNING] 404 Not Found: /static/Energetic_(mood)\677a71b1-8e22-4ad3-b74b-784ed25e6564_fa521a02-60cf-46d6-b990-44b8fa94e4a2_cover.jpg
2025-04-18 10:20:49 [WARNING] 404 Not Found: /static/img/favicon.ico
2025-04-18 10:20:59 [INFO] GET / 200 - 96ms
2025-04-18 10:20:59 [WARNING] 404 Not Found: /static/Energetic_(mood)\677a71b1-8e22-4ad3-b74b-784ed25e6564_fa521a02-60cf-46d6-b990-44b8fa94e4a2_cover.jpg
2025-04-18 10:20:59 [WARNING] 404 Not Found: /static/Happy_(mood)\fa521a02-60cf-46d6-b990-44b8fa94e4a2_cover.jpg
2025-04-18 10:22:48 [INFO] GET / 200 - 101ms
2025-04-18 10:22:48 [WARNING] 404 Not Found: /static/Happy_(mood)\fa521a02-60cf-46d6-b990-44b8fa94e4a2_cover.jpg
2025-04-18 10:22:48 [WARNING] 404 Not Found: /static/Energetic_(mood)\677a71b1-8e22-4ad3-b74b-784ed25e6564_fa521a02-60cf-46d6-b990-44b8fa94e4a2_cover.jpg
2025-04-18 10:22:48 [WARNING] 404 Not Found: /static/img/favicon.ico
2025-04-18 10:22:53 [INFO] GET / 200 - 228ms
2025-04-18 10:22:54 [WARNING] 404 Not Found: /static/Energetic_(mood)\677a71b1-8e22-4ad3-b74b-784ed25e6564_fa521a02-60cf-46d6-b990-44b8fa94e4a2_cover.jpg
2025-04-18 10:22:54 [WARNING] 404 Not Found: /static/Happy_(mood)\fa521a02-60cf-46d6-b990-44b8fa94e4a2_cover.jpg
2025-04-18 10:23:43 [INFO] GET / 200 - 224ms
2025-04-18 10:23:43 [WARNING] 404 Not Found: /static/Energetic_(mood)\677a71b1-8e22-4ad3-b74b-784ed25e6564_fa521a02-60cf-46d6-b990-44b8fa94e4a2_cover.jpg
2025-04-18 10:23:43 [WARNING] 404 Not Found: /static/Happy_(mood)\fa521a02-60cf-46d6-b990-44b8fa94e4a2_cover.jpg
2025-04-18 10:23:47 [INFO] GET / 200 - 96ms
2025-04-18 10:23:47 [WARNING] 404 Not Found: /static/Happy_(mood)\fa521a02-60cf-46d6-b990-44b8fa94e4a2_cover.jpg
2025-04-18 10:23:47 [WARNING] 404 Not Found: /static/Energetic_(mood)\677a71b1-8e22-4ad3-b74b-784ed25e6564_fa521a02-60cf-46d6-b990-44b8fa94e4a2_cover.jpg
2025-04-18 10:23:57 [ERROR] Search error: type object 'Song' has no attribute 'collection'
2025-04-18 10:23:57 [INFO] GET /search 200 - 6ms
2025-04-18 10:24:06 [INFO] GET /login 200 - 2ms
2025-04-18 10:24:07 [WARNING] 404 Not Found: /favicon.ico
2025-04-18 10:24:07 [INFO] GET /favicon.ico 404 - 0ms
2025-04-18 10:24:30 [INFO] POST /login 401 - 6ms
2025-04-18 10:27:42 [ERROR] Search error: type object 'Song' has no attribute 'collection'
2025-04-18 10:27:42 [INFO] GET /search 200 - 1ms
2025-04-18 10:27:43 [ERROR] Search error: type object 'Song' has no attribute 'collection'
2025-04-18 10:27:43 [INFO] GET /search 200 - 1ms
2025-04-18 10:27:47 [ERROR] Search error: type object 'Song' has no attribute 'collection'
2025-04-18 10:27:47 [INFO] GET /search 200 - 1ms
2025-04-18 10:27:48 [INFO] GET /signup 200 - 3ms
2025-04-18 10:27:51 [INFO] GET /login 200 - 0ms
2025-04-18 10:29:11 [INFO] GET / 200 - 130ms
2025-04-18 10:29:11 [WARNING] 404 Not Found: /static/Energetic_(mood)\677a71b1-8e22-4ad3-b74b-784ed25e6564_fa521a02-60cf-46d6-b990-44b8fa94e4a2_cover.jpg
2025-04-18 10:29:11 [WARNING] 404 Not Found: /static/Happy_(mood)\fa521a02-60cf-46d6-b990-44b8fa94e4a2_cover.jpg
2025-04-18 10:29:12 [WARNING] 404 Not Found: /static/img/favicon.ico
2025-04-18 10:29:14 [INFO] GET /signup 200 - 1ms
2025-04-18 10:29:14 [WARNING] 404 Not Found: /favicon.ico
2025-04-18 10:29:14 [INFO] GET /favicon.ico 404 - 1ms
2025-04-18 10:29:17 [INFO] GET /login 200 - 1ms
2025-04-18 10:29:38 [INFO] POST /login 401 - 234ms
2025-04-18 10:30:31 [INFO] GET /login 200 - 0ms
2025-04-18 10:33:14 [INFO] GET / 200 - 348ms
2025-04-18 10:33:14 [WARNING] 404 Not Found: /static/Energetic_(mood)\677a71b1-8e22-4ad3-b74b-784ed25e6564_fa521a02-60cf-46d6-b990-44b8fa94e4a2_cover.jpg
2025-04-18 10:33:15 [INFO] GET / 200 - 154ms
2025-04-18 10:33:15 [WARNING] 404 Not Found: /static/Happy_(mood)\fa521a02-60cf-46d6-b990-44b8fa94e4a2_cover.jpg
2025-04-18 10:33:15 [WARNING] 404 Not Found: /static/Energetic_(mood)\677a71b1-8e22-4ad3-b74b-784ed25e6564_fa521a02-60cf-46d6-b990-44b8fa94e4a2_cover.jpg
2025-04-18 10:33:18 [WARNING] 404 Not Found: /songs/play/
2025-04-18 10:33:18 [INFO] GET /songs/play/ 404 - 6ms
2025-04-18 10:33:18 [WARNING] 404 Not Found: /songs/play/
2025-04-18 10:33:18 [INFO] GET /songs/play/ 404 - 6ms
2025-04-18 10:35:01 [INFO] GET /debug-song/6526f4a9e6f98d5b7c8df6a1 404 - 96ms
2025-04-18 10:35:21 [INFO] POST /login 401 - 232ms
2025-04-18 10:36:10 [INFO] GET /login 200 - 7ms
2025-04-18 10:36:28 [INFO] POST /login 401 - 230ms
2025-04-18 10:37:18 [INFO] GET /login 200 - 0ms
2025-04-18 10:37:42 [INFO] DEBUG: Attempting to serve file directly: Amazing Grace - Casa Rosa.mp3
2025-04-18 10:37:42 [INFO] DEBUG: Serving from static/songs folder: songs\Amazing Grace - Casa Rosa.mp3
2025-04-18 10:37:42 [ERROR] DEBUG: Error serving file: 404 Not Found: The requested URL was not found on the server. If you entered the URL manually please check your spelling and try again.
2025-04-18 10:37:42 [INFO] GET /direct-song/Amazing Grace - Casa Rosa.mp3 500 - 0ms
2025-04-18 10:38:47 [INFO] GET /login 200 - 6ms
2025-04-18 10:38:47 [INFO] GET /login 200 - 0ms
2025-04-18 10:39:07 [INFO] POST /login 200 - 222ms
2025-04-18 10:39:07 [INFO] GET /admin/dashboard 200 - 240ms
2025-04-18 10:39:07 [WARNING] 404 Not Found: /static/Happy_(mood)\fa521a02-60cf-46d6-b990-44b8fa94e4a2_cover.jpg
2025-04-18 10:39:07 [WARNING] 404 Not Found: /static/Energetic_(mood)\677a71b1-8e22-4ad3-b74b-784ed25e6564_fa521a02-60cf-46d6-b990-44b8fa94e4a2_cover.jpg
2025-04-18 10:40:07 [INFO] POST /songs/upload 400 - 464ms
2025-04-18 10:40:16 [INFO] POST /songs/upload 400 - 43ms
2025-04-18 10:40:41 [INFO] POST /songs/upload 201 - 840ms
2025-04-18 10:40:45 [INFO] GET /admin/dashboard 200 - 2505ms
2025-04-18 10:40:45 [WARNING] 404 Not Found: /static/Energetic_(mood)\677a71b1-8e22-4ad3-b74b-784ed25e6564_fa521a02-60cf-46d6-b990-44b8fa94e4a2_cover.jpg
2025-04-18 10:40:45 [WARNING] 404 Not Found: /static/Happy_(mood)\fa521a02-60cf-46d6-b990-44b8fa94e4a2_cover.jpg
2025-04-18 10:40:48 [INFO] GET / 200 - 1752ms
2025-04-18 10:40:48 [WARNING] 404 Not Found: /static/Energetic_(mood)\677a71b1-8e22-4ad3-b74b-784ed25e6564_fa521a02-60cf-46d6-b990-44b8fa94e4a2_cover.jpg
2025-04-18 10:40:48 [WARNING] 404 Not Found: /static/Happy_(mood)\fa521a02-60cf-46d6-b990-44b8fa94e4a2_cover.jpg
2025-04-18 10:40:57 [INFO] GET /songs/mood/Chill 200 - 32ms
2025-04-18 10:40:58 [WARNING] 404 Not Found: /static/Chill_(mood)/aef34a1d-32fd-4c3a-be7c-0994036cfef5_37fdf107be80411cb27b21a80985103f_AdobeStock_486469596.jpeg
2025-04-18 10:40:59 [INFO] GET /songs/play/6801ded0374b1c0ea0cf6dcb 200 - 36ms
2025-04-18 10:41:00 [WARNING] 404 Not Found: /static/img/favicon.ico
2025-04-18 10:41:52 [INFO] GET / 200 - 115ms
2025-04-18 10:41:52 [WARNING] 404 Not Found: /static/Happy_(mood)\fa521a02-60cf-46d6-b990-44b8fa94e4a2_cover.jpg
2025-04-18 10:41:52 [WARNING] 404 Not Found: /static/Energetic_(mood)\677a71b1-8e22-4ad3-b74b-784ed25e6564_fa521a02-60cf-46d6-b990-44b8fa94e4a2_cover.jpg
2025-04-18 10:41:53 [WARNING] 404 Not Found: /static/img/favicon.ico
2025-04-18 10:42:05 [WARNING] 404 Not Found: /songs/play/
2025-04-18 10:42:05 [INFO] GET /songs/play/ 404 - 74ms
2025-04-18 10:42:05 [WARNING] 404 Not Found: /songs/play/
2025-04-18 10:42:05 [INFO] GET /songs/play/ 404 - 16ms
2025-04-18 10:42:16 [INFO] GET /songs/mood/Chill 200 - 33ms
2025-04-18 10:42:16 [WARNING] 404 Not Found: /static/Chill_(mood)/aef34a1d-32fd-4c3a-be7c-0994036cfef5_37fdf107be80411cb27b21a80985103f_AdobeStock_486469596.jpeg
2025-04-18 10:42:19 [INFO] GET /songs/play/6801ded0374b1c0ea0cf6dcb 200 - 36ms
2025-04-18 10:42:20 [WARNING] 404 Not Found: /static/img/favicon.ico
2025-04-18 10:42:47 [INFO] GET / 200 - 110ms
2025-04-18 10:42:47 [WARNING] 404 Not Found: /static/Happy_(mood)\fa521a02-60cf-46d6-b990-44b8fa94e4a2_cover.jpg
2025-04-18 10:42:47 [WARNING] 404 Not Found: /static/Energetic_(mood)\677a71b1-8e22-4ad3-b74b-784ed25e6564_fa521a02-60cf-46d6-b990-44b8fa94e4a2_cover.jpg
2025-04-21 21:25:01 [INFO] GET / 200 - 331ms
2025-04-21 21:25:01 [WARNING] 404 Not Found: /static/Energetic_(mood)\677a71b1-8e22-4ad3-b74b-784ed25e6564_fa521a02-60cf-46d6-b990-44b8fa94e4a2_cover.jpg
2025-04-21 21:25:01 [WARNING] 404 Not Found: /static/Happy_(mood)\fa521a02-60cf-46d6-b990-44b8fa94e4a2_cover.jpg
2025-04-21 21:25:01 [WARNING] 404 Not Found: /static/img/favicon.ico
2025-04-21 21:33:40 [WARNING] User None not found in database, session cleared
2025-04-21 21:33:40 [INFO] GET / 200 - 364ms
2025-04-21 21:33:40 [WARNING] 404 Not Found: /static/Energetic_(mood)\677a71b1-8e22-4ad3-b74b-784ed25e6564_fa521a02-60cf-46d6-b990-44b8fa94e4a2_cover.jpg
2025-04-21 21:33:40 [WARNING] 404 Not Found: /static/Happy_(mood)\fa521a02-60cf-46d6-b990-44b8fa94e4a2_cover.jpg
2025-04-21 21:34:58 [INFO] GET / 200 - 117ms
2025-04-21 21:34:58 [WARNING] 404 Not Found: /static/Energetic_(mood)\677a71b1-8e22-4ad3-b74b-784ed25e6564_fa521a02-60cf-46d6-b990-44b8fa94e4a2_cover.jpg
2025-04-21 21:34:58 [WARNING] 404 Not Found: /static/Happy_(mood)\fa521a02-60cf-46d6-b990-44b8fa94e4a2_cover.jpg
2025-04-21 21:35:00 [INFO] GET /login 200 - 11ms
2025-04-21 21:35:00 [WARNING] 404 Not Found: /favicon.ico
2025-04-21 21:35:00 [INFO] GET /favicon.ico 404 - 2ms
2025-04-21 21:35:30 [INFO] POST /login 200 - 911ms
2025-04-21 21:35:30 [INFO] GET /admin/dashboard 200 - 201ms
2025-04-21 21:35:30 [WARNING] 404 Not Found: /static/Energetic_(mood)\677a71b1-8e22-4ad3-b74b-784ed25e6564_fa521a02-60cf-46d6-b990-44b8fa94e4a2_cover.jpg
2025-04-21 21:35:30 [WARNING] 404 Not Found: /static/Happy_(mood)\fa521a02-60cf-46d6-b990-44b8fa94e4a2_cover.jpg
2025-04-21 21:35:49 [INFO] POST /admin/fetch-open-source-songs 500 - 9ms
2025-04-21 21:35:57 [INFO] GET / 302 - 8ms
2025-04-21 21:35:57 [INFO] GET /admin/dashboard 200 - 167ms
2025-04-21 21:35:57 [WARNING] 404 Not Found: /static/Energetic_(mood)\677a71b1-8e22-4ad3-b74b-784ed25e6564_fa521a02-60cf-46d6-b990-44b8fa94e4a2_cover.jpg
2025-04-21 21:35:57 [WARNING] 404 Not Found: /static/Happy_(mood)\fa521a02-60cf-46d6-b990-44b8fa94e4a2_cover.jpg
2025-04-21 21:35:58 [INFO] GET / 302 - 8ms
2025-04-21 21:35:58 [INFO] GET /admin/dashboard 200 - 139ms
2025-04-21 21:35:58 [WARNING] 404 Not Found: /static/Energetic_(mood)\677a71b1-8e22-4ad3-b74b-784ed25e6564_fa521a02-60cf-46d6-b990-44b8fa94e4a2_cover.jpg
2025-04-21 21:35:58 [WARNING] 404 Not Found: /static/Happy_(mood)\fa521a02-60cf-46d6-b990-44b8fa94e4a2_cover.jpg
2025-04-21 21:36:02 [INFO] GET / 302 - 8ms
2025-04-21 21:36:02 [INFO] GET /admin/dashboard 200 - 197ms
2025-04-21 21:36:02 [WARNING] 404 Not Found: /static/Energetic_(mood)\677a71b1-8e22-4ad3-b74b-784ed25e6564_fa521a02-60cf-46d6-b990-44b8fa94e4a2_cover.jpg
2025-04-21 21:36:02 [WARNING] 404 Not Found: /static/Happy_(mood)\fa521a02-60cf-46d6-b990-44b8fa94e4a2_cover.jpg
2025-04-21 21:36:17 [INFO] GET /admin/dashboard 200 - 139ms
2025-04-21 21:36:18 [WARNING] 404 Not Found: /static/Energetic_(mood)\677a71b1-8e22-4ad3-b74b-784ed25e6564_fa521a02-60cf-46d6-b990-44b8fa94e4a2_cover.jpg
2025-04-21 21:36:18 [WARNING] 404 Not Found: /static/Happy_(mood)\fa521a02-60cf-46d6-b990-44b8fa94e4a2_cover.jpg
2025-04-21 21:36:31 [INFO] GET / 302 - 14ms
2025-04-21 21:36:31 [INFO] GET /admin/dashboard 200 - 175ms
2025-04-21 21:36:31 [WARNING] 404 Not Found: /static/Energetic_(mood)\677a71b1-8e22-4ad3-b74b-784ed25e6564_fa521a02-60cf-46d6-b990-44b8fa94e4a2_cover.jpg
2025-04-21 21:36:31 [WARNING] 404 Not Found: /static/Happy_(mood)\fa521a02-60cf-46d6-b990-44b8fa94e4a2_cover.jpg
2025-04-21 21:37:25 [INFO] POST /songs/upload 201 - 199ms
2025-04-21 21:37:27 [INFO] GET /admin/dashboard 200 - 149ms
2025-04-21 21:37:27 [WARNING] 404 Not Found: /static/Energetic_(mood)\677a71b1-8e22-4ad3-b74b-784ed25e6564_fa521a02-60cf-46d6-b990-44b8fa94e4a2_cover.jpg
2025-04-21 21:37:27 [WARNING] 404 Not Found: /static/Happy_(mood)\fa521a02-60cf-46d6-b990-44b8fa94e4a2_cover.jpg
2025-04-21 21:37:31 [INFO] GET / 302 - 8ms
2025-04-21 21:37:31 [INFO] GET /admin/dashboard 200 - 138ms
2025-04-21 21:37:31 [WARNING] 404 Not Found: /static/Energetic_(mood)\677a71b1-8e22-4ad3-b74b-784ed25e6564_fa521a02-60cf-46d6-b990-44b8fa94e4a2_cover.jpg
2025-04-21 21:37:31 [WARNING] 404 Not Found: /static/Happy_(mood)\fa521a02-60cf-46d6-b990-44b8fa94e4a2_cover.jpg
2025-04-21 21:37:33 [INFO] GET / 302 - 8ms
2025-04-21 21:37:33 [INFO] GET /admin/dashboard 200 - 146ms
2025-04-21 21:37:33 [WARNING] 404 Not Found: /static/Energetic_(mood)\677a71b1-8e22-4ad3-b74b-784ed25e6564_fa521a02-60cf-46d6-b990-44b8fa94e4a2_cover.jpg
2025-04-21 21:37:33 [WARNING] 404 Not Found: /static/Happy_(mood)\fa521a02-60cf-46d6-b990-44b8fa94e4a2_cover.jpg
2025-04-21 21:37:35 [INFO] GET / 302 - 8ms
2025-04-21 21:37:35 [INFO] GET /admin/dashboard 200 - 154ms
2025-04-21 21:37:35 [WARNING] 404 Not Found: /static/Energetic_(mood)\677a71b1-8e22-4ad3-b74b-784ed25e6564_fa521a02-60cf-46d6-b990-44b8fa94e4a2_cover.jpg
2025-04-21 21:37:35 [WARNING] 404 Not Found: /static/Happy_(mood)\fa521a02-60cf-46d6-b990-44b8fa94e4a2_cover.jpg
2025-04-21 21:37:36 [INFO] GET / 302 - 8ms
2025-04-21 21:37:36 [INFO] GET /admin/dashboard 200 - 145ms
2025-04-21 21:37:36 [WARNING] 404 Not Found: /static/Energetic_(mood)\677a71b1-8e22-4ad3-b74b-784ed25e6564_fa521a02-60cf-46d6-b990-44b8fa94e4a2_cover.jpg
2025-04-21 21:37:36 [WARNING] 404 Not Found: /static/Happy_(mood)\fa521a02-60cf-46d6-b990-44b8fa94e4a2_cover.jpg
2025-04-21 21:37:36 [INFO] GET / 302 - 9ms
2025-04-21 21:37:36 [INFO] GET /admin/dashboard 200 - 144ms
2025-04-21 21:37:36 [WARNING] 404 Not Found: /static/Energetic_(mood)\677a71b1-8e22-4ad3-b74b-784ed25e6564_fa521a02-60cf-46d6-b990-44b8fa94e4a2_cover.jpg
2025-04-21 21:37:36 [WARNING] 404 Not Found: /static/Happy_(mood)\fa521a02-60cf-46d6-b990-44b8fa94e4a2_cover.jpg
2025-04-21 21:37:44 [INFO] GET /songs/mood/Chill 200 - 21ms
2025-04-21 21:37:44 [WARNING] 404 Not Found: /static/null
2025-04-21 21:37:46 [INFO] GET /songs/play/68066d3dd5a9438130b0736a 200 - 29ms
2025-04-21 21:37:47 [WARNING] 404 Not Found: /static/img/favicon.ico
2025-04-21 21:38:29 [INFO] GET / 302 - 11ms
2025-04-21 21:38:30 [INFO] GET /admin/dashboard 200 - 251ms
2025-04-21 21:38:30 [WARNING] 404 Not Found: /static/Energetic_(mood)\677a71b1-8e22-4ad3-b74b-784ed25e6564_fa521a02-60cf-46d6-b990-44b8fa94e4a2_cover.jpg
2025-04-21 21:38:30 [WARNING] 404 Not Found: /static/Happy_(mood)\fa521a02-60cf-46d6-b990-44b8fa94e4a2_cover.jpg
2025-04-21 21:39:45 [INFO] GET / 200 - 123ms
2025-04-21 21:39:45 [WARNING] 404 Not Found: /static/Energetic_(mood)\677a71b1-8e22-4ad3-b74b-784ed25e6564_fa521a02-60cf-46d6-b990-44b8fa94e4a2_cover.jpg
2025-04-21 21:39:45 [WARNING] 404 Not Found: /static/Happy_(mood)\fa521a02-60cf-46d6-b990-44b8fa94e4a2_cover.jpg
2025-04-21 21:39:46 [WARNING] 404 Not Found: /static/img/favicon.ico
2025-04-21 21:39:51 [INFO] GET /login 200 - 0ms
2025-04-21 21:39:51 [WARNING] 404 Not Found: /favicon.ico
2025-04-21 21:39:51 [INFO] GET /favicon.ico 404 - 1ms
2025-04-21 21:39:55 [INFO] GET /signup 200 - 13ms
2025-04-21 21:40:25 [INFO] POST /signup 200 - 558ms
2025-04-21 21:40:25 [INFO] GET /login 302 - 0ms
2025-04-21 21:40:25 [INFO] GET / 200 - 123ms
2025-04-21 21:40:25 [WARNING] 404 Not Found: /static/Energetic_(mood)\677a71b1-8e22-4ad3-b74b-784ed25e6564_fa521a02-60cf-46d6-b990-44b8fa94e4a2_cover.jpg
2025-04-21 21:40:26 [WARNING] 404 Not Found: /static/Happy_(mood)\fa521a02-60cf-46d6-b990-44b8fa94e4a2_cover.jpg
2025-04-21 21:40:33 [INFO] GET /songs/mood/Chill 200 - 22ms
2025-04-21 21:40:33 [WARNING] 404 Not Found: /static/null
2025-04-21 21:40:35 [INFO] GET /songs/play/68066d3dd5a9438130b0736a 200 - 20ms
