2025-04-18 00:41:43,488 - user_model - INFO - Connected to database for users collection
2025-04-18 00:41:44,380 - user_model - INFO - Admin user already exists
2025-04-18 00:41:45,494 - user_model - INFO - Connected to database for users collection
2025-04-18 00:41:46,394 - user_model - INFO - Admin user already exists
2025-04-18 00:42:24,011 - user_model - INFO - Connected to database for users collection
2025-04-18 00:42:25,638 - user_model - INFO - Admin user already exists
2025-04-18 00:42:26,926 - user_model - INFO - Connected to database for users collection
2025-04-18 00:42:27,754 - user_model - INFO - Admin user already exists
2025-04-18 00:49:23,582 - user_model - INFO - Connected to database for users collection
2025-04-18 00:49:24,390 - user_model - INFO - Admin user already exists
2025-04-18 00:49:25,495 - user_model - INFO - Connected to database for users collection
2025-04-18 00:49:26,303 - user_model - INFO - Admin user already exists
2025-04-18 00:51:13,282 - user_model - INFO - Connected to database for users collection
2025-04-18 00:51:14,318 - user_model - INFO - Admin user already exists
2025-04-18 00:51:15,490 - user_model - INFO - Connected to database for users collection
2025-04-18 00:51:16,373 - user_model - INFO - Admin user already exists
2025-04-18 00:55:44,747 - user_model - INFO - Connected to database for users collection
2025-04-18 00:55:45,573 - user_model - INFO - Admin user already exists
2025-04-18 00:55:46,665 - user_model - INFO - Connected to database for users collection
2025-04-18 00:55:47,492 - user_model - INFO - Admin user already exists
2025-04-18 00:56:39,186 - user_model - INFO - Connected to database for users collection
2025-04-18 00:56:40,028 - user_model - INFO - Admin user already exists
2025-04-18 00:57:01,029 - user_model - INFO - Connected to database for users collection
2025-04-18 00:57:01,845 - user_model - INFO - Admin user already exists
2025-04-18 00:57:13,511 - user_model - INFO - Connected to database for users collection
2025-04-18 00:57:14,464 - user_model - INFO - Admin user already exists
2025-04-18 00:57:26,760 - user_model - INFO - Connected to database for users collection
2025-04-18 00:57:27,646 - user_model - INFO - Admin user already exists
2025-04-18 00:57:28,769 - user_model - INFO - Connected to database for users collection
2025-04-18 00:57:29,585 - user_model - INFO - Admin user already exists
2025-04-18 00:58:07,872 - user_model - WARNING - Login attempt with non-existent email: nrupal85@gmail.com
2025-04-18 00:59:40,808 - user_model - INFO - Connected to database for users collection
2025-04-18 00:59:41,175 - user_model - INFO - Connected to database for users collection
2025-04-18 00:59:41,629 - user_model - INFO - Admin user already exists
2025-04-18 00:59:42,106 - user_model - INFO - Admin user already exists
2025-04-18 00:59:59,613 - user_model - INFO - Connected to database for users collection
2025-04-18 01:00:00,131 - user_model - INFO - Connected to database for users collection
2025-04-18 01:00:02,456 - user_model - INFO - Admin user already exists
2025-04-18 01:00:02,499 - user_model - INFO - Admin user already exists
2025-04-18 01:00:21,748 - user_model - INFO - Connected to database for users collection
2025-04-18 01:00:21,784 - user_model - INFO - Connected to database for users collection
2025-04-18 01:00:22,681 - user_model - INFO - Admin user already exists
2025-04-18 01:00:22,688 - user_model - INFO - Admin user already exists
2025-04-18 01:00:39,588 - user_model - INFO - Connected to database for users collection
2025-04-18 01:00:40,438 - user_model - INFO - Admin user already exists
2025-04-18 01:00:41,679 - user_model - INFO - Connected to database for users collection
2025-04-18 01:00:42,506 - user_model - INFO - Admin user already exists
2025-04-18 01:01:05,410 - user_model - INFO - Connected to database for users collection
2025-04-18 01:01:05,479 - user_model - INFO - Connected to database for users collection
2025-04-18 01:01:05,672 - user_model - INFO - Connected to database for users collection
2025-04-18 01:01:06,352 - user_model - INFO - Admin user already exists
2025-04-18 01:01:06,429 - user_model - INFO - Admin user already exists
2025-04-18 01:01:06,575 - user_model - INFO - Admin user already exists
2025-04-18 01:01:31,836 - user_model - WARNING - Login attempt with non-existent email: nrupal85@gmail.com
2025-04-18 01:03:07,751 - user_model - INFO - Connected to database for users collection
2025-04-18 01:03:09,377 - user_model - INFO - Admin user already exists
2025-04-18 01:03:11,723 - user_model - INFO - Connected to database for users collection
2025-04-18 01:03:12,703 - user_model - INFO - Admin user already exists
2025-04-18 01:03:57,477 - user_model - INFO - Connected to database for users collection
2025-04-18 01:06:14,029 - user_model - INFO - Connected to database for users collection
2025-04-18 01:07:48,932 - user_model - INFO - Connected to database for users collection
2025-04-18 01:07:50,709 - user_model - INFO - Connected to database for users collection
2025-04-18 01:08:18,203 - user_model - INFO - Connected to database for users collection
2025-04-18 01:08:20,027 - user_model - INFO - Connected to database for users collection
2025-04-18 01:09:04,914 - user_model - WARNING - Login attempt with non-existent email: nrupal85@gmail.com
2025-04-18 01:11:44,415 - user_model - INFO - Connected to database for users collection
2025-04-18 01:11:59,285 - user_model - INFO - Connected to database for users collection
2025-04-18 01:13:55,342 - user_model - INFO - Connected to database for users collection
2025-04-18 01:14:45,847 - user_model - INFO - Connected to database for users collection
2025-04-18 01:15:05,418 - user_model - INFO - Connected to database for users collection
2025-04-18 01:15:07,265 - user_model - INFO - Connected to database for users collection
2025-04-18 10:06:18,962 - user_model - INFO - Connected to database for users collection
2025-04-18 10:06:19,810 - user_model - INFO - Admin user already exists
2025-04-18 10:06:21,022 - user_model - INFO - Connected to database for users collection
2025-04-18 10:06:21,829 - user_model - INFO - Admin user already exists
2025-04-18 10:07:59,855 - user_model - INFO - User created successfully: 6801d727800bd3e992e8698b (admin: False)
2025-04-18 10:10:36,425 - user_model - INFO - Connected to database for users collection
2025-04-18 10:10:37,358 - user_model - INFO - Admin user already exists
2025-04-18 10:11:11,796 - user_model - INFO - Connected to database for users collection
2025-04-18 10:11:12,900 - user_model - INFO - Admin user already exists
2025-04-18 10:11:14,122 - user_model - INFO - Connected to database for users collection
2025-04-18 10:11:14,959 - user_model - INFO - Admin user already exists
2025-04-18 10:14:00,476 - user_model - INFO - User created successfully: 6801d89084272486b366343a (admin: False)
2025-04-18 10:19:06,438 - user_model - INFO - Connected to database for users collection
2025-04-18 10:19:07,524 - user_model - INFO - Admin user already exists
2025-04-18 10:19:08,876 - user_model - INFO - Connected to database for users collection
2025-04-18 10:19:09,718 - user_model - INFO - Admin user already exists
2025-04-18 10:20:30,120 - user_model - INFO - Connected to database for users collection
2025-04-18 10:20:31,149 - user_model - INFO - Admin user already exists
2025-04-18 10:20:32,428 - user_model - INFO - Connected to database for users collection
2025-04-18 10:20:33,266 - user_model - INFO - Admin user already exists
2025-04-18 10:23:33,352 - user_model - INFO - Connected to database for users collection
2025-04-18 10:23:35,148 - user_model - INFO - Admin user already exists
2025-04-18 10:23:42,365 - user_model - INFO - Connected to database for users collection
2025-04-18 10:23:43,158 - user_model - INFO - Admin user already exists
2025-04-18 10:24:30,612 - user_model - WARNING - Login attempt with non-existent email: nrupal7465@gmail.com
2025-04-18 10:29:38,138 - user_model - WARNING - Failed login attempt for admin@spotify.com (attempt #2)
2025-04-18 10:31:41,995 - user_model - INFO - Connected to database for users collection
2025-04-18 10:31:43,036 - user_model - INFO - Admin user already exists
2025-04-18 10:33:04,647 - user_model - INFO - Connected to database for users collection
2025-04-18 10:33:05,725 - user_model - INFO - Admin user already exists
2025-04-18 10:33:07,000 - user_model - INFO - Connected to database for users collection
2025-04-18 10:33:07,848 - user_model - INFO - Admin user already exists
2025-04-18 10:33:46,650 - user_model - INFO - Connected to database for users collection
2025-04-18 10:33:47,663 - user_model - INFO - Admin user already exists
2025-04-18 10:35:21,837 - user_model - WARNING - Failed login attempt for admin@spotify.com (attempt #3)
2025-04-18 10:36:28,110 - user_model - WARNING - Failed login attempt for admin@spotify.com (attempt #4)
2025-04-18 10:38:12,513 - user_model - INFO - Connected to database for users collection
2025-04-18 10:38:13,396 - user_model - INFO - Admin user doesn't exist - creating default admin
2025-04-18 10:38:13,623 - user_model - INFO - User created successfully: 6801de3d35da5e44561b791d (admin: True)
2025-04-18 10:38:13,623 - user_model - ERROR - Database error during user creation: Working outside of application context.

This typically means that you attempted to use functionality that needed
the current application. To solve this, set up an application context
with app.app_context(). See the documentation for more information.
2025-04-18 10:38:13,623 - user_model - ERROR - Error creating admin user: Working outside of application context.

This typically means that you attempted to use functionality that needed
the current application. To solve this, set up an application context
with app.app_context(). See the documentation for more information.
2025-04-18 10:38:39,699 - user_model - INFO - Connected to database for users collection
2025-04-18 10:38:40,631 - user_model - INFO - Admin user already exists
2025-04-18 10:38:42,004 - user_model - INFO - Connected to database for users collection
2025-04-18 10:38:42,884 - user_model - INFO - Admin user already exists
2025-04-18 10:39:07,187 - user_model - INFO - Successful login: 6801de3d35da5e44561b791d (admin: True)
2025-04-21 21:05:44,025 - user_model - INFO - Connected to database for users collection
2025-04-21 21:06:09,752 - user_model - INFO - Connected to database for users collection
2025-04-21 21:06:24,074 - user_model - INFO - Connected to database for users collection
2025-04-21 21:12:31,782 - user_model - INFO - Connected to database for users collection
2025-04-21 21:14:43,868 - user_model - INFO - Connected to database for users collection
2025-04-21 21:14:57,995 - user_model - INFO - Connected to database for users collection
2025-04-21 21:15:13,482 - user_model - INFO - Connected to database for users collection
2025-04-21 21:16:10,213 - user_model - INFO - Connected to database for users collection
2025-04-21 21:16:32,099 - user_model - INFO - Connected to database for users collection
2025-04-21 21:24:18,676 - user_model - INFO - Connected to database for users collection
2025-04-21 21:24:19,558 - user_model - INFO - Admin user already exists
2025-04-21 21:24:20,714 - user_model - INFO - Connected to database for users collection
2025-04-21 21:24:21,749 - user_model - INFO - Admin user already exists
2025-04-21 21:27:04,903 - user_model - INFO - Connected to database for users collection
2025-04-21 21:28:55,191 - user_model - INFO - Connected to database for users collection
2025-04-21 21:30:16,750 - user_model - ERROR - Error connecting to database from user model: MongoDB URI options are key=value pairs.
2025-04-21 21:30:30,746 - user_model - WARNING - Using mock collection. No database connection.
2025-04-21 21:30:30,746 - user_model - INFO - Admin user doesn't exist - creating default admin
2025-04-21 21:30:30,752 - user_model - WARNING - Using mock collection. No database connection.
2025-04-21 21:30:31,079 - user_model - WARNING - Using mock collection. No database connection.
2025-04-21 21:30:31,079 - user_model - INFO - User created successfully: mock_id (admin: True)
2025-04-21 21:30:31,079 - user_model - ERROR - Database error during user creation: Working outside of application context.

This typically means that you attempted to use functionality that needed
the current application. To solve this, set up an application context
with app.app_context(). See the documentation for more information.
2025-04-21 21:30:31,079 - user_model - ERROR - Error creating admin user: Working outside of application context.

This typically means that you attempted to use functionality that needed
the current application. To solve this, set up an application context
with app.app_context(). See the documentation for more information.
2025-04-21 21:30:31,660 - user_model - ERROR - Error connecting to database from user model: MongoDB URI options are key=value pairs.
2025-04-21 21:30:45,528 - user_model - WARNING - Using mock collection. No database connection.
2025-04-21 21:30:45,529 - user_model - INFO - Admin user doesn't exist - creating default admin
2025-04-21 21:30:45,536 - user_model - WARNING - Using mock collection. No database connection.
2025-04-21 21:30:45,874 - user_model - WARNING - Using mock collection. No database connection.
2025-04-21 21:30:45,874 - user_model - INFO - User created successfully: mock_id (admin: True)
2025-04-21 21:30:45,874 - user_model - ERROR - Database error during user creation: Working outside of application context.

This typically means that you attempted to use functionality that needed
the current application. To solve this, set up an application context
with app.app_context(). See the documentation for more information.
2025-04-21 21:30:45,875 - user_model - ERROR - Error creating admin user: Working outside of application context.

This typically means that you attempted to use functionality that needed
the current application. To solve this, set up an application context
with app.app_context(). See the documentation for more information.
2025-04-21 21:33:08,260 - user_model - INFO - Connected to database for users collection
2025-04-21 21:33:09,121 - user_model - INFO - Admin user doesn't exist - creating default admin
2025-04-21 21:33:09,529 - user_model - INFO - User created successfully: 68066c3d6a44651b7c170a2a (admin: True)
2025-04-21 21:33:09,529 - user_model - ERROR - Database error during user creation: Working outside of application context.

This typically means that you attempted to use functionality that needed
the current application. To solve this, set up an application context
with app.app_context(). See the documentation for more information.
2025-04-21 21:33:09,529 - user_model - ERROR - Error creating admin user: Working outside of application context.

This typically means that you attempted to use functionality that needed
the current application. To solve this, set up an application context
with app.app_context(). See the documentation for more information.
2025-04-21 21:33:10,427 - user_model - INFO - Connected to database for users collection
2025-04-21 21:33:11,259 - user_model - INFO - Admin user already exists
2025-04-21 21:35:30,062 - user_model - INFO - Successful login: 68066c3d6a44651b7c170a2a (admin: True)
2025-04-21 21:40:25,814 - user_model - INFO - User created successfully: 68066df1d5a9438130b0736b (admin: False)
